<?xml version="1.0" encoding="UTF-8"?>
<!-- Generated by org.testng.reporters.JUnitReportReporter -->
<testsuite skipped="0" hostname="DESKTOP-F6NS1F9" name="com.training.sanity.tests.ParentChildTest" tests="6" failures="1" timestamp="12 Mar 2019 13:52:00 GMT" time="11.395" errors="0">
  <testcase name="setUp" time="9.420" classname="com.training.sanity.tests.ParentChildTest"/>
  <testcase name="displayReportsOptions" time="0.284" classname="com.training.sanity.tests.ParentChildTest"/>
  <testcase name="displaySalesOptions" time="0.140" classname="com.training.sanity.tests.ParentChildTest"/>
  <testcase name="navigateToOrdersPage" time="0.650" classname="com.training.sanity.tests.ParentChildTest"/>
  <testcase name="displayGroupByListBox" time="0.166" classname="com.training.sanity.tests.ParentChildTest"/>
  <testcase name="filterOrderDetails" time="0.735" classname="com.training.sanity.tests.ParentChildTest">
    <failure type="java.lang.AssertionError" message="expected [Total] but found [Date Start Date End No. Orders No. Products Tax Total
11/03/2019 11/03/2019 1 1 Rs.24 Rs.829
04/03/2019 09/03/2019 34 39 Rs.864 Rs.70,154]">
      <![CDATA[java.lang.AssertionError: expected [Total] but found [Date Start Date End No. Orders No. Products Tax Total
11/03/2019 11/03/2019 1 1 Rs.24 Rs.829
04/03/2019 09/03/2019 34 39 Rs.864 Rs.70,154]
at org.testng.Assert.fail(Assert.java:96)
at org.testng.Assert.failNotEquals(Assert.java:776)
at org.testng.Assert.assertEqualsImpl(Assert.java:137)
at org.testng.Assert.assertEquals(Assert.java:118)
at org.testng.Assert.assertEquals(Assert.java:453)
at org.testng.Assert.assertEquals(Assert.java:463)
at com.training.sanity.tests.ParentChildTest.filterOrderDetails(ParentChildTest.java:90)
at sun.reflect.NativeMethodAccessorImpl.invoke0(Native Method)
at sun.reflect.NativeMethodAccessorImpl.invoke(NativeMethodAccessorImpl.java:62)
at sun.reflect.DelegatingMethodAccessorImpl.invoke(DelegatingMethodAccessorImpl.java:43)
at java.lang.reflect.Method.invoke(Method.java:498)
at org.testng.internal.MethodInvocationHelper.invokeMethod(MethodInvocationHelper.java:124)
at org.testng.internal.Invoker.invokeMethod(Invoker.java:580)
at org.testng.internal.Invoker.invokeTestMethod(Invoker.java:716)
at org.testng.internal.Invoker.invokeTestMethods(Invoker.java:988)
at org.testng.internal.TestMethodWorker.invokeTestMethods(TestMethodWorker.java:125)
at org.testng.internal.TestMethodWorker.run(TestMethodWorker.java:109)
at org.testng.TestRunner.privateRun(TestRunner.java:648)
at org.testng.TestRunner.run(TestRunner.java:505)
at org.testng.SuiteRunner.runTest(SuiteRunner.java:455)
at org.testng.SuiteRunner.runSequentially(SuiteRunner.java:450)
at org.testng.SuiteRunner.privateRun(SuiteRunner.java:415)
at org.testng.SuiteRunner.run(SuiteRunner.java:364)
at org.testng.SuiteRunnerWorker.runSuite(SuiteRunnerWorker.java:52)
at org.testng.SuiteRunnerWorker.run(SuiteRunnerWorker.java:84)
at org.testng.TestNG.runSuitesSequentially(TestNG.java:1208)
at org.testng.TestNG.runSuitesLocally(TestNG.java:1137)
at org.testng.TestNG.runSuites(TestNG.java:1049)
at org.testng.TestNG.run(TestNG.java:1017)
at org.testng.remote.AbstractRemoteTestNG.run(AbstractRemoteTestNG.java:114)
at org.testng.remote.RemoteTestNG.initAndRun(RemoteTestNG.java:251)
at org.testng.remote.RemoteTestNG.main(RemoteTestNG.java:77)
]]>
    </failure>
  </testcase> <!-- filterOrderDetails -->
</testsuite> <!-- com.training.sanity.tests.ParentChildTest -->
